2022-10-05 17:59:38,297 INFO client.DefaultNoHARMFailoverProxyProvider: Connecting to ResourceManager at /0.0.0.0:8032
2022-10-05 17:59:40,559 WARN mapreduce.JobResourceUploader: Hadoop command-line option parsing not performed. Implement the Tool interface and execute your application with ToolRunner to remedy this.
2022-10-05 17:59:41,038 INFO mapreduce.JobResourceUploader: Disabling Erasure Coding for path: /tmp/hadoop-yarn/staging/jigar/.staging/job_1664970849850_0001
2022-10-05 17:59:42,333 INFO input.FileInputFormat: Total input files to process : 3
2022-10-05 17:59:42,712 INFO mapreduce.JobSubmitter: number of splits:3
2022-10-05 17:59:43,890 INFO mapreduce.JobSubmitter: Submitting tokens for job: job_1664970849850_0001
2022-10-05 17:59:43,890 INFO mapreduce.JobSubmitter: Executing with tokens: []
2022-10-05 17:59:44,578 INFO conf.Configuration: resource-types.xml not found
2022-10-05 17:59:44,579 INFO resource.ResourceUtils: Unable to find 'resource-types.xml'.
2022-10-05 17:59:45,643 INFO impl.YarnClientImpl: Submitted application application_1664970849850_0001
2022-10-05 17:59:45,809 INFO mapreduce.Job: The url to track the job: http://localhost:8088/proxy/application_1664970849850_0001/
2022-10-05 17:59:45,810 INFO mapreduce.Job: Running job: job_1664970849850_0001
2022-10-05 18:00:39,311 INFO mapreduce.Job: Job job_1664970849850_0001 running in uber mode : false
2022-10-05 18:00:39,365 INFO mapreduce.Job:  map 0% reduce 0%
2022-10-05 18:02:14,009 INFO mapreduce.Job:  map 100% reduce 0%
2022-10-05 18:03:42,309 INFO mapreduce.Job:  map 100% reduce 100%
2022-10-05 18:03:46,367 INFO mapreduce.Job: Job job_1664970849850_0001 completed successfully
2022-10-05 18:03:46,729 INFO mapreduce.Job: Counters: 54
	File System Counters
		FILE: Number of bytes read=729686
		FILE: Number of bytes written=2562417
		FILE: Number of read operations=0
		FILE: Number of large read operations=0
		FILE: Number of write operations=0
		HDFS: Number of bytes read=2434124
		HDFS: Number of bytes written=378232
		HDFS: Number of read operations=14
		HDFS: Number of large read operations=0
		HDFS: Number of write operations=2
		HDFS: Number of bytes read erasure-coded=0
	Job Counters 
		Launched map tasks=3
		Launched reduce tasks=1
		Data-local map tasks=3
		Total time spent by all maps in occupied slots (ms)=271814
		Total time spent by all reduces in occupied slots (ms)=67011
		Total time spent by all map tasks (ms)=271814
		Total time spent by all reduce tasks (ms)=67011
		Total vcore-milliseconds taken by all map tasks=271814
		Total vcore-milliseconds taken by all reduce tasks=67011
		Total megabyte-milliseconds taken by all map tasks=278337536
		Total megabyte-milliseconds taken by all reduce tasks=68619264
	Map-Reduce Framework
		Map input records=49608
		Map output records=436277
		Map output bytes=4178616
		Map output materialized bytes=729698
		Input split bytes=422
		Combine input records=436277
		Combine output records=51389
		Reduce input groups=35335
		Reduce shuffle bytes=729698
		Reduce input records=51389
		Reduce output records=35335
		Spilled Records=102778
		Shuffled Maps =3
		Failed Shuffles=0
		Merged Map outputs=3
		GC time elapsed (ms)=624
		CPU time spent (ms)=17770
		Physical memory (bytes) snapshot=900718592
		Virtual memory (bytes) snapshot=11128434688
		Total committed heap usage (bytes)=569376768
		Peak Map Physical memory (bytes)=251080704
		Peak Map Virtual memory (bytes)=2782130176
		Peak Reduce Physical memory (bytes)=151461888
		Peak Reduce Virtual memory (bytes)=2784145408
	Shuffle Errors
		BAD_ID=0
		CONNECTION=0
		IO_ERROR=0
		WRONG_LENGTH=0
		WRONG_MAP=0
		WRONG_REDUCE=0
	File Input Format Counters 
		Bytes Read=2433702
	File Output Format Counters 
		Bytes Written=378232
